<?xml version="1.0" encoding="UTF-8"?>
<testng-results ignored="0" total="1" passed="1" failed="0" skipped="0">
  <reporter-output>
  </reporter-output>
  <suite started-at="2023-01-17T17:19:13 AMT" name="Default suite" finished-at="2023-01-17T17:19:15 AMT" duration-ms="2180">
    <groups>
    </groups>
    <test started-at="2023-01-17T17:19:13 AMT" name="Default test" finished-at="2023-01-17T17:19:15 AMT" duration-ms="2180">
      <class name="sourse.TestsExamples">
        <test-method signature="testPatch()[pri:0, instance:sourse.TestsExamples@7205765b]" started-at="2023-01-17T17:19:13 AMT" name="testPatch" finished-at="2023-01-17T17:19:15 AMT" duration-ms="2112" status="PASS">
          <reporter-output>
          </reporter-output>
        </test-method> <!-- testPatch -->
      </class> <!-- sourse.TestsExamples -->
    </test> <!-- Default test -->
  </suite> <!-- Default suite -->
</testng-results>
